<?xml version="1.0" encoding="UTF-8"?>
<!-- Generated by org.testng.reporters.JUnitReportReporter -->
<testsuite hostname="A" failures="0" tests="1" name="Lenovo.LenovoProject.AppLoginTest" time="7.374" errors="0" timestamp="2021-09-26T19:20:15 IST" skipped="0">
  <testcase classname="Lenovo.LenovoProject.AppLoginTest" name="ApplicationLogin" time="7.374"/>
  <system-out/>
</testsuite> <!-- Lenovo.LenovoProject.AppLoginTest -->
